<?xml version="1.0" encoding="utf-8"?><testsuites name="pytest tests"><testsuite name="pytest" errors="0" failures="0" skipped="0" tests="14" time="2.178" timestamp="2026-07-29T12:01:59.936390+00:00" hostname="agent-env-112b6c4e-07ab-4dc0-acde-b6c79135cca5"><testcase classname="tests.test_iteration3.TestCosting" name="test_seeded_sattu_exists" time="0.406" /><testcase classname="tests.test_iteration3.TestCosting" name="test_costing_returns_finished_goods" time="0.034" /><testcase classname="tests.test_iteration3.TestCosting" name="test_costing_excludes_raw" time="0.034" /><testcase classname="tests.test_iteration3.TestCosting" name="test_edit_selling_price_updates_margin" time="0.142" /><testcase classname="tests.test_iteration3.TestSattu" name="test_production_sattu_from_wheat" time="0.357" /><testcase classname="tests.test_iteration3.TestSattu" name="test_sell_sattu" time="0.108" /><testcase classname="tests.test_iteration3.TestMaintenance" name="test_create_maintenance_computes_next_due" time="0.034" /><testcase classname="tests.test_iteration3.TestMaintenance" name="test_list_sorted" time="0.031" /><testcase classname="tests.test_iteration3.TestMaintenance" name="test_update_recomputes" time="0.035" /><testcase classname="tests.test_iteration3.TestMaintenance" name="test_mark_serviced" time="0.034" /><testcase classname="tests.test_iteration3.TestMaintenance" name="test_maintenance_notification_overdue" time="0.140" /><testcase classname="tests.test_iteration3.TestMaintenance" name="test_maintenance_notification_upcoming" time="0.107" /><testcase classname="tests.test_iteration3.TestMaintenance" name="test_staff_cannot_delete_maintenance" time="0.489" /><testcase classname="tests.test_iteration3.TestMaintenance" name="test_admin_delete" time="0.151" /></testsuite></testsuites>