<?xml version="1.0" encoding="utf-8"?><testsuites name="pytest tests"><testsuite name="pytest" errors="0" failures="0" skipped="0" tests="11" time="2.769" timestamp="2026-07-29T12:14:31.126987+00:00" hostname="agent-env-112b6c4e-07ab-4dc0-acde-b6c79135cca5"><testcase classname="tests.test_iteration4" name="test_seeded_products_include_new_types" time="0.535" /><testcase classname="tests.test_iteration4" name="test_settings_get_put_persists" time="0.266" /><testcase classname="tests.test_iteration4" name="test_customer_ledger_debit_from_grinding" time="0.156" /><testcase classname="tests.test_iteration4" name="test_partial_payment_reduces_outstanding" time="0.210" /><testcase classname="tests.test_iteration4" name="test_paid_sale_auto_credits_no_outstanding" time="0.274" /><testcase classname="tests.test_iteration4" name="test_mark_as_paid_creates_single_credit" time="0.192" /><testcase classname="tests.test_iteration4" name="test_supplier_ledger_and_auto_credit" time="0.270" /><testcase classname="tests.test_iteration4" name="test_cashbook_structure_and_starting_cash" time="0.155" /><testcase classname="tests.test_iteration4" name="test_sales_analytics" time="0.036" /><testcase classname="tests.test_iteration4" name="test_audit_logs_stock_change_and_sale" time="0.112" /><testcase classname="tests.test_iteration4" name="test_notifications_low_stock_includes_new_products" time="0.044" /></testsuite></testsuites>