<?xml version="1.0" encoding="utf-8"?><testsuites name="pytest tests"><testsuite name="pytest" errors="0" failures="0" skipped="0" tests="21" time="5.693" timestamp="2026-07-29T11:19:54.240006+00:00" hostname="agent-env-112b6c4e-07ab-4dc0-acde-b6c79135cca5"><testcase classname="tests.test_agrimill.TestAuth" name="test_login_admin" time="0.714" /><testcase classname="tests.test_agrimill.TestAuth" name="test_login_staff" time="0.357" /><testcase classname="tests.test_agrimill.TestAuth" name="test_login_invalid" time="0.347" /><testcase classname="tests.test_agrimill.TestAuth" name="test_me_unauthenticated" time="0.150" /><testcase classname="tests.test_agrimill.TestAuth" name="test_logout" time="0.756" /><testcase classname="tests.test_agrimill.TestProducts" name="test_create_list_and_low_stock" time="0.071" /><testcase classname="tests.test_agrimill.TestProducts" name="test_purchase_increments_stock" time="0.191" /><testcase classname="tests.test_agrimill.TestProducts" name="test_sale_decrements_stock_and_creates_invoice" time="0.191" /><testcase classname="tests.test_agrimill.TestProducts" name="test_sale_pdf" time="0.081" /><testcase classname="tests.test_agrimill.TestProducts" name="test_export_sales_excel" time="0.043" /><testcase classname="tests.test_agrimill.TestProducts" name="test_staff_cannot_delete_product" time="0.819" /><testcase classname="tests.test_agrimill.TestServices" name="test_grinding_no_inventory_impact" time="0.147" /><testcase classname="tests.test_agrimill.TestServices" name="test_oil_no_inventory_impact" time="0.229" /><testcase classname="tests.test_agrimill.TestServices" name="test_grinding_pdf" time="0.044" /><testcase classname="tests.test_agrimill.TestServices" name="test_oil_pdf" time="0.088" /><testcase classname="tests.test_agrimill.TestOther" name="test_expense_create" time="0.073" /><testcase classname="tests.test_agrimill.TestOther" name="test_customer_outstanding_and_history" time="0.161" /><testcase classname="tests.test_agrimill.TestOther" name="test_supplier_outstanding" time="0.290" /><testcase classname="tests.test_agrimill.TestOther" name="test_dashboard" time="0.036" /><testcase classname="tests.test_agrimill.TestOther" name="test_notifications" time="0.076" /><testcase classname="tests.test_agrimill.TestOther" name="test_invoices_list" time="0.766" /></testsuite></testsuites>