<?xml version="1.0" encoding="utf-8"?><testsuites name="pytest tests"><testsuite name="pytest" errors="0" failures="0" skipped="0" tests="7" time="3.648" timestamp="2026-07-29T11:51:35.207782+00:00" hostname="agent-env-112b6c4e-07ab-4dc0-acde-b6c79135cca5"><testcase classname="tests.test_mill_expansion.TestSettings" name="test_get_and_update" time="0.687" /><testcase classname="tests.test_mill_expansion.TestProduction" name="test_production_flow_and_reject_over_stock" time="0.591" /><testcase classname="tests.test_mill_expansion.TestGrinding" name="test_cash_and_grain_grinding" time="0.575" /><testcase classname="tests.test_mill_expansion.TestOil" name="test_retain_and_edit_delete" time="0.546" /><testcase classname="tests.test_mill_expansion.TestExchange" name="test_exchange_and_delete" time="0.364" /><testcase classname="tests.test_mill_expansion.TestSaleEdit" name="test_edit_sale_net_stock" time="0.391" /><testcase classname="tests.test_mill_expansion.TestDaybook" name="test_daybook_returns_summary" time="0.411" /></testsuite></testsuites>